<?xml version="1.0" encoding="UTF-8"?>
<testng-results skipped="0" failed="0" ignored="0" total="2" passed="2">
  <reporter-output>
  </reporter-output>
  <suite name="Simple test suite" duration-ms="68" started-at="2019-12-12T17:04:15Z" finished-at="2019-12-12T17:04:15Z">
    <groups>
    </groups>
    <test name="User test" duration-ms="68" started-at="2019-12-12T17:04:15Z" finished-at="2019-12-12T17:04:15Z">
      <class name="com.automation.UserTest">
        <test-method status="PASS" signature="beforClass()[pri:0, instance:com.automation.UserTest@130f889]" name="beforClass" is-config="true" duration-ms="25" started-at="2019-12-12T17:04:15Z" finished-at="2019-12-12T17:04:15Z">
          <reporter-output>
          </reporter-output>
        </test-method> <!-- beforClass -->
        <test-method status="PASS" signature="beforeMethod()[pri:0, instance:com.automation.UserTest@130f889]" name="beforeMethod" is-config="true" duration-ms="1" started-at="2019-12-12T17:04:15Z" finished-at="2019-12-12T17:04:15Z">
          <reporter-output>
          </reporter-output>
        </test-method> <!-- beforeMethod -->
        <test-method status="PASS" signature="userAgeTest()[pri:0, instance:com.automation.UserTest@130f889]" name="userAgeTest" duration-ms="4" started-at="2019-12-12T17:04:15Z" finished-at="2019-12-12T17:04:15Z">
          <reporter-output>
          </reporter-output>
        </test-method> <!-- userAgeTest -->
        <test-method status="PASS" signature="afterMethod()[pri:0, instance:com.automation.UserTest@130f889]" name="afterMethod" is-config="true" duration-ms="0" started-at="2019-12-12T17:04:15Z" finished-at="2019-12-12T17:04:15Z">
          <reporter-output>
          </reporter-output>
        </test-method> <!-- afterMethod -->
        <test-method status="PASS" signature="beforeMethod()[pri:0, instance:com.automation.UserTest@130f889]" name="beforeMethod" is-config="true" duration-ms="1" started-at="2019-12-12T17:04:15Z" finished-at="2019-12-12T17:04:15Z">
          <reporter-output>
          </reporter-output>
        </test-method> <!-- beforeMethod -->
        <test-method status="PASS" signature="userNameTest()[pri:0, instance:com.automation.UserTest@130f889]" name="userNameTest" duration-ms="0" started-at="2019-12-12T17:04:15Z" finished-at="2019-12-12T17:04:15Z">
          <reporter-output>
          </reporter-output>
        </test-method> <!-- userNameTest -->
        <test-method status="PASS" signature="afterMethod()[pri:0, instance:com.automation.UserTest@130f889]" name="afterMethod" is-config="true" duration-ms="0" started-at="2019-12-12T17:04:15Z" finished-at="2019-12-12T17:04:15Z">
          <reporter-output>
          </reporter-output>
        </test-method> <!-- afterMethod -->
        <test-method status="PASS" signature="afterClass()[pri:0, instance:com.automation.UserTest@130f889]" name="afterClass" is-config="true" duration-ms="1" started-at="2019-12-12T17:04:15Z" finished-at="2019-12-12T17:04:15Z">
          <reporter-output>
          </reporter-output>
        </test-method> <!-- afterClass -->
      </class> <!-- com.automation.UserTest -->
    </test> <!-- User test -->
  </suite> <!-- Simple test suite -->
</testng-results>
